TN:
SF:src/assets/guest.png
FNF:0
FNH:0
LF:0
LH:0
BRF:0
BRH:0
end_of_record
TN:
SF:src/components/Header.jsx
FN:3,(anonymous_0)
FNF:1
FNH:1
FNDA:1,(anonymous_0)
DA:3,1
DA:4,1
LF:2
LH:2
BRF:0
BRH:0
end_of_record
TN:
SF:src/components/ImageButton.jsx
FN:1,(anonymous_0)
FNF:1
FNH:1
FNDA:8,(anonymous_0)
DA:1,1
DA:3,8
LF:2
LH:2
BRF:0
BRH:0
end_of_record
TN:
SF:src/components/LoginForm.jsx
FN:6,(anonymous_0)
FN:11,(anonymous_1)
FN:28,(anonymous_2)
FN:48,(anonymous_3)
FN:62,(anonymous_4)
FNF:5
FNH:1
FNDA:5,(anonymous_0)
FNDA:0,(anonymous_1)
FNDA:0,(anonymous_2)
FNDA:0,(anonymous_3)
FNDA:0,(anonymous_4)
DA:6,1
DA:7,5
DA:8,5
DA:9,5
DA:11,5
DA:12,0
DA:14,0
DA:15,0
DA:17,0
DA:21,0
DA:22,0
DA:23,0
DA:24,0
DA:25,0
DA:27,0
DA:28,0
DA:29,0
DA:34,5
DA:48,0
DA:62,0
LF:20
LH:6
BRF:0
BRH:0
end_of_record
TN:
SF:src/components/Message.jsx
FN:1,(anonymous_0)
FNF:1
FNH:1
FNDA:10,(anonymous_0)
DA:1,1
DA:2,10
DA:3,0
LF:3
LH:2
BRDA:2,0,0,10
BRDA:2,0,1,0
BRF:2
BRH:1
end_of_record
TN:
SF:src/components/Register.jsx
FN:5,(anonymous_0)
FN:11,(anonymous_1)
FN:13,(anonymous_2)
FN:18,(anonymous_3)
FN:65,(anonymous_4)
FN:79,(anonymous_5)
FN:93,(anonymous_6)
FNF:7
FNH:1
FNDA:5,(anonymous_0)
FNDA:0,(anonymous_1)
FNDA:0,(anonymous_2)
FNDA:0,(anonymous_3)
FNDA:0,(anonymous_4)
FNDA:0,(anonymous_5)
FNDA:0,(anonymous_6)
DA:5,1
DA:6,5
DA:7,5
DA:8,5
DA:9,5
DA:11,5
DA:12,0
DA:13,0
DA:14,0
DA:18,5
DA:19,0
DA:21,0
DA:22,0
DA:23,0
DA:26,0
DA:27,0
DA:28,0
DA:30,0
DA:31,0
DA:33,0
DA:37,0
DA:38,0
DA:39,0
DA:41,0
DA:42,0
DA:43,0
DA:45,0
DA:46,0
DA:51,5
DA:65,0
DA:79,0
DA:93,0
LF:32
LH:8
BRDA:21,0,0,0
BRDA:21,0,1,0
BRDA:21,1,0,0
BRDA:21,1,1,0
BRDA:26,2,0,0
BRDA:26,2,1,0
BRF:6
BRH:0
end_of_record
TN:
SF:src/components/Scoreboard.jsx
FN:1,(anonymous_0)
FN:8,(anonymous_1)
FNF:2
FNH:2
FNDA:1,(anonymous_0)
FNDA:2,(anonymous_1)
DA:1,1
DA:2,1
DA:9,2
LF:3
LH:3
BRF:0
BRH:0
end_of_record
TN:
SF:src/components/TextBox.jsx
FN:3,(anonymous_0)
FNF:1
FNH:1
FNDA:1,(anonymous_0)
DA:3,1
DA:5,1
LF:2
LH:2
BRF:0
BRH:0
end_of_record
TN:
SF:src/components/User.jsx
FN:10,(anonymous_0)
FN:16,(anonymous_1)
FN:26,(anonymous_2)
FN:28,(anonymous_3)
FN:34,(anonymous_4)
FN:36,(anonymous_5)
FN:40,(anonymous_6)
FN:48,(anonymous_7)
FN:76,(anonymous_8)
FN:97,(anonymous_9)
FNF:10
FNH:8
FNDA:13,(anonymous_0)
FNDA:4,(anonymous_1)
FNDA:8,(anonymous_2)
FNDA:3,(anonymous_3)
FNDA:11,(anonymous_4)
FNDA:3,(anonymous_5)
FNDA:1,(anonymous_6)
FNDA:0,(anonymous_7)
FNDA:0,(anonymous_8)
FNDA:2,(anonymous_9)
DA:10,1
DA:11,13
DA:12,13
DA:13,13
DA:14,13
DA:16,13
DA:17,4
DA:18,4
DA:19,3
DA:20,3
DA:21,3
DA:22,3
DA:26,13
DA:27,8
DA:28,3
DA:29,3
DA:34,13
DA:35,11
DA:36,3
DA:40,13
DA:41,1
DA:42,1
DA:43,1
DA:44,1
DA:45,1
DA:48,13
DA:49,0
DA:51,0
DA:52,0
DA:54,0
DA:55,0
DA:57,0
DA:58,0
DA:64,13
DA:76,0
DA:98,2
LF:36
LH:28
BRDA:18,0,0,3
BRDA:18,0,1,1
BRDA:27,1,0,3
BRDA:27,1,1,5
BRDA:35,2,0,3
BRDA:35,2,1,8
BRDA:35,3,0,11
BRDA:35,3,1,6
BRDA:49,4,0,0
BRDA:49,4,1,0
BRDA:67,5,0,8
BRDA:67,5,1,5
BRDA:70,6,0,8
BRDA:70,6,1,8
BRDA:83,7,0,8
BRDA:83,7,1,5
BRDA:95,8,0,2
BRDA:95,8,1,6
BRF:18
BRH:16
end_of_record
TN:
SF:src/components/textbox.css
FNF:0
FNH:0
LF:0
LH:0
BRF:0
BRH:0
end_of_record
TN:
SF:src/components/user.css
FNF:0
FNH:0
LF:0
LH:0
BRF:0
BRH:0
end_of_record
TN:
SF:src/services/login.js
FN:4,(anonymous_0)
FNF:1
FNH:0
FNDA:0,(anonymous_0)
DA:2,1
DA:4,1
DA:5,0
DA:6,0
LF:4
LH:2
BRF:0
BRH:0
end_of_record
